<?xml version="1.0" encoding="UTF-8"?>
<testsuite xmlns:xsi="http://www.w3.org/2001/XMLSchema-instance" xsi:noNamespaceSchemaLocation="https://maven.apache.org/surefire/maven-surefire-plugin/xsd/surefire-test-report-3.0.xsd" version="3.0" name="org.jfree.chart.axis.DateTickMarkPositionTest" time="0.009" tests="3" errors="0" skipped="0" failures="0">
  <properties>
[...]
</properties>
  <testcase name="testSerialization" classname="org.jfree.chart.axis.DateTickMarkPositionTest" time="0.002"/>
  <testcase name="testHashCode" classname="org.jfree.chart.axis.DateTickMarkPositionTest" time="0"/>
  <testcase name="testEquals" classname="org.jfree.chart.axis.DateTickMarkPositionTest" time="0"/>
</testsuite>